0:100  0:100  MemLog inited, TSC freq: 1608244530
0:100  0:000  CPU was calibrated with RTC
0:100  0:000  
0:100  0:000  Now is 25.9.2018,  20:18:30 (GMT)
0:100  0:000  Starting Clover revision: 4674 on American Megatrends EFI
0:100  0:000  Build with: [Args: -D NO_GRUB_DRIVERS_EMBEDDED | -D NO_GRUB_DRIVERS_EMBEDDED -D USE_LOW_EBDA -a X64 -b RELEASE -t XCODE8 -n 5 | OS: 10.13.6 | XCODE: 10.0]
0:100  0:000  SelfDevicePath=PciRoot(0x0)\Pci(0x17,0x0)\Sata(0x1,0xFFFF,0x0)\HD(1,GPT,0D909C5A-A2B5-470B-B764-2906A36D9D91,0x800,0x82000) @36E65958
0:100  0:000  SelfDirPath = \EFI\CLOVER
0:102  0:001  === [ Get Smbios ] ========================================
0:102  0:000  Type 16 Index = 0
0:102  0:000  Total Memory Slots Count = 2
0:102  0:000  Type 17 Index = 0
0:102  0:000  SmbiosTable.Type17->Speed = 1867MHz
0:102  0:000  SmbiosTable.Type17->Size = 2048MB
0:102  0:000  SmbiosTable.Type17->Bank/Device = BANK 0 ChannelA-DIMM0
0:102  0:000  SmbiosTable.Type17->Vendor = Samsung
0:102  0:000  SmbiosTable.Type17->SerialNumber = 55000000
0:102  0:000  SmbiosTable.Type17->PartNumber =                   
0:102  0:000  Type 17 Index = 1
0:102  0:000  SmbiosTable.Type17->Speed = 1867MHz
0:102  0:000  SmbiosTable.Type17->Size = 2048MB
0:102  0:000  SmbiosTable.Type17->Bank/Device = BANK 2 ChannelB-DIMM0
0:102  0:000  SmbiosTable.Type17->Vendor = Samsung
0:102  0:000  SmbiosTable.Type17->SerialNumber = 55000000
0:102  0:000  SmbiosTable.Type17->PartNumber =                   
0:102  0:000  Boot status=0
0:102  0:000  Running on: 'i18-DL' with board 'i18-DL'
0:102  0:000  === [ GetCPUProperties ] ==================================
0:102  0:000  CPU Vendor = 756E6547 Model=806E9
0:102  0:000   The CPU supported SSE4.1
0:102  0:000  BrandString = Intel(R) Core(TM) m3-7Y30 CPU @ 1.00GHz
0:102  0:000   The CPU supported turbo
0:102  0:000  MSR 0x35               20004
0:102  0:000   TSC/CCC Information Leaf:
0:102  0:000    numerator     : 134
0:102  0:000    denominator   : 2
0:102  0:000   Calibrated ARTFrequency: 24003649
0:102  0:000  MSR 0xE2 before patch 1E008008
0:102  0:000  MSR 0xE2 is locked, PM patches will be turned on
0:102  0:000  MSR 0xCE              0004043D_F1011000
0:102  0:000  corrected FLEX_RATIO = 0
0:102  0:000  MSR 0x1B0             00000000
0:102  0:000  FSBFrequency = 75 MHz, DMI FSBFrequency = 100 MHz, Corrected FSBFrequency = 100 MHz
0:102  0:000  MaxDiv/MinDiv: 16.0/4
0:102  0:000  Turbo: 24/24/24/26
0:102  0:000  Features: 0xBFEBFBFF
0:102  0:000  Threads: 4
0:102  0:000  Cores: 2
0:102  0:000  FSB: 100 MHz
0:102  0:000  CPU: 1200 MHz
0:102  0:000  TSC: 1200 MHz
0:102  0:000  PIS: 100 MHz
0:102  0:000  ExternalClock: 25 MHz
0:102  0:000  === [ GetDevices ] ========================================
0:102  0:000  PCI (00|00:00.00) : 8086 590C class=060000
0:102  0:000  PCI (00|00:02.00) : 8086 591E class=030000
0:102  0:000   - GFX: Model=Intel HD Graphics 615 (Intel)
0:102  0:000  PCI (00|00:04.00) : 8086 1903 class=118000
0:102  0:000  PCI (00|00:05.00) : 8086 1919 class=048000
0:102  0:000  PCI (00|00:08.00) : 8086 1911 class=088000
0:102  0:000  PCI (00|00:14.00) : 8086 9D2F class=0C0330
0:102  0:000  PCI (00|00:14.02) : 8086 9D31 class=118000
0:102  0:000  PCI (00|00:14.03) : 8086 9D32 class=048000
0:102  0:000  PCI (00|00:15.00) : 8086 9D60 class=118000
0:102  0:000  PCI (00|00:15.01) : 8086 9D61 class=118000
0:102  0:000  PCI (00|00:15.02) : 8086 9D62 class=118000
0:102  0:000  PCI (00|00:16.00) : 8086 9D3A class=078000
0:102  0:000  PCI (00|00:17.00) : 8086 9D03 class=010601
0:102  0:000  PCI (00|00:1D.00) : 8086 9D18 class=060400
0:102  0:000  PCI (00|01:00.00) : 8086 3165 class=028000
0:102  0:000   - WIFI: Vendor=Intel
0:102  0:000  PCI (00|00:1E.00) : 8086 9D27 class=118000
0:102  0:000  PCI (00|00:1E.04) : 8086 9D2B class=080501
0:102  0:000  PCI (00|00:1E.06) : 8086 9D2D class=080501
0:102  0:000  PCI (00|00:1F.00) : 8086 9D4B class=060100
0:102  0:000  PCI (00|00:1F.02) : 8086 9D21 class=058000
0:102  0:000  PCI (00|00:1F.03) : 8086 9D71 class=040300
0:102  0:000  PCI (00|00:1F.04) : 8086 9D23 class=0C0500
0:102  0:000  === [ GetDefaultSettings ] ================================
0:102  0:000  Clover load options size = 0 bytes
0:109  0:006  EFI\CLOVER\config.plist loaded: Success
0:109  0:000  === [ GetListOfThemes ] ===================================
0:110  0:001  - [00]: random
0:114  0:003  - [00]: embedded
0:117  0:003  - [00]: BGM
0:123  0:005  === [ Found config plists ] ===============================
0:124  0:001  - config.plist
0:125  0:000  === [ GetEarlyUserSettings ] ==============================
0:125  0:000  timeout set to 3
0:125  0:000  Custom boot CUSTOM_BOOT_DISABLED (0x0)
0:125  0:000  KextsToPatch: 5 requested
0:125  0:000   - [00]: com.apple.driver.AppleBacklight (change F%uT%04x to F%uTxxxx in AppleBacklightInjector.kext (credit RehabMan)) :: BinPatch :: data len: 9
0:125  0:000   - [01]: com.apple.driver.AppleIntelKBLGraphicsFramebuffer (0x591b0000, 32MB BIOS, 19MB framebuffer 9MB cursor bytes (credit RehabMan)) :: BinPatch :: data len: 8
0:125  0:000   - [02]: com.apple.driver.AppleIntelKBLGraphicsFramebuffer (0x591b0000, 0105 instead of 0306, HDMI) :: BinPatch :: data len: 36
0:125  0:000   - [03]: com.apple.driver.AppleIntelKBLGraphicsFramebuffer (Modify 0x591E0000 video ports to match Mix Plus (port 0 to eDP, port 1 to HDMI,port 2,3 nonexistent)) :: BinPatch :: data len: 12
0:125  0:000   - [04]: AppleIntelKBLGraphicsFramebuffer (Modify 0x591E0000 video ports to match Mix Plus (port 0 to eDP, port 1 to HDMI,port 2,3 nonexistent)) :: BinPatch :: data len: 12
0:125  0:000  KernelToPatch: 1 requested
0:125  0:000   - [00]: MSR 0xE2 _xcpm_idle instant reboot(c) Pike R. Alpha :: data len: 8
0:125  0:000  Default theme: random
0:125  0:000  Hiding entries with string Preboot
0:125  0:000  ** Warning: unknown custom entry Type 'Other'
0:125  0:000   Custom EDID is ok
0:125  0:000  === [ LoadDrivers ] =======================================
0:127  0:002  Loading AppleKeyFeeder-64.efi  status=Success
0:135  0:008  Loading AppleImageCodec-64.efi  status=Success
0:142  0:006  Loading AppleUITheme-64.efi  status=Success
0:148  0:006  Loading DataHubDxe-64.efi  status=Success
0:156  0:007  Loading AppleKeyAggregator-64.efi  status=Success
0:162  0:005  Loading FSInject-64.efi  status=Success
0:170  0:007  Loading FirmwareVolume-64.efi  status=Success
0:176  0:006  Loading AptioMemoryFix.efi  status=Success
0:183  0:006  Loading APFS.efi  status=Success
0:204  0:020   - driver needs connecting
0:204  0:000  Loading HFSPlus.efi  status=Success
0:211  0:007   - driver needs connecting
0:211  0:000  Loading SMCHelper-64.efi  status=Success
0:218  0:006  2 drivers needs connecting ...
0:218  0:000  PlatformDriverOverrideProtocol->GetDriver overriden
0:218  0:000  HFS+ driver loaded
0:218  0:000  APFS driver loaded
0:218  0:000  Searching for invalid DiskIo BY_DRIVER connects: not found, all ok
0:828  0:610  === [ InitScreen ] ========================================
0:828  0:000  SetScreenResolution: 1920x1080 - already set
0:828  0:000  Console modes reported: 4, available modes:
0:828  0:000   - [01]: 80x25 (current mode)
0:828  0:000   - [02]: 80x50
0:828  0:000   - [03]: 100x31
0:828  0:000   - [04]: 240x56
0:828  0:000  reinit: self device path=PciRoot(0x0)\Pci(0x17,0x0)\Sata(0x1,0xFFFF,0x0)\HD(1,GPT,0D909C5A-A2B5-470B-B764-2906A36D9D91,0x800,0x82000)
0:831  0:002  Using embedded font: Success
0:832  0:001  === [ GetMacAddress ] =====================================
0:832  0:000  === [ ScanSPD ] ===========================================
0:833  0:000  SMBus device : 8086 9D23 class=0C0500 status=Success
0:833  0:000  SMBus CmdReg: 0x3
0:833  0:000  Scanning SMBus [8086:9D23], mmio: 0xDC442004, ioport: 0xF040, hostc: 0x11
0:833  0:000  Slots to scan [8]...
0:834  0:001  === [ GetAcpiTablesList ] =================================
0:834  0:000  Get Acpi Tables List from RSDT:
0:834  0:000   - [00]: FACP  A M I  len=132
0:834  0:000   - [01]: APIC  A M I  len=132
0:834  0:000   - [02]: FPDT  A M I  len=68
0:834  0:000   - [03]: MCFG  A M I  len=60
0:834  0:000   - [04]: FIDT  A M I len=156
0:834  0:000   - [05]: SSDT  DptfTabl len=42134
0:834  0:000   - [06]: MSDM  A M I  len=85
0:834  0:000   - [07]: SSDT  SaSsdt  len=12628
0:834  0:000   - [08]: HPET  KBL-ULT len=56
0:834  0:000   - [09]: SSDT  Ther_Rvp len=1375
0:834  0:000   - [10]: SSDT  xh_rvp03 len=2924
0:834  0:000   - [11]: UEFI  EDK2     len=66
0:834  0:000   - [12]: SSDT  CpuSsdt len=3806
0:834  0:000   - [13]: LPIT  KBL-ULT len=148
0:834  0:000   - [14]: WSMT  KBL-ULT len=40
0:834  0:000   - [15]: SSDT  sensrhub len=671
0:834  0:000   - [16]: SSDT  PtidDevc len=12290
0:834  0:000   - [17]: DBGP   len=52
0:834  0:000   - [18]: DBG2   len=84
0:834  0:000   - [19]: BGRT  A M I  len=56
0:834  0:000   - [20]: DMAR  KBL  len=312
0:834  0:000   - [21]: TPM2  Tpm2Tabl len=52
0:834  0:000   - [22]: ASF!   HCG len=160
0:834  0:000  Calibrated TSC Frequency = 1608244530 = 1608MHz
0:835  0:000  === [ GetUserSettings ] ===================================
0:835  0:000   Custom EDID is ok
0:835  0:000  Can't install EdidOverride on ImageHandle
0:835  0:000  USB FixOwnership: yes
0:835  0:000  Dropping 3 tables:
0:835  0:000   - [00]: Drop table  signature="#MCF" (46434D23)
0:835  0:000           - set table: 46434D23,                0 to drop: no
0:835  0:000   - [01]: Drop table  signature="DMAR" (52414D44)
0:835  0:000           - set table: 52414D44,                0 to drop: yes
0:835  0:000   - [02]: Drop table  signature="SSDT" (54445353) table-id="xh_rvp10" (30317076725F6878)
0:835  0:000           - set table: 54445353, 30317076725F6878 to drop: no
0:835  0:000   - final DSDT Fix mask=20000000
0:835  0:000  PatchesDSDT: 17 requested
0:835  0:000   - [00]: (change HDAS to HDEF) lenToFind: 4, lenToReplace: 4, Target Bridge: <null string>
0:835  0:000   - [01]: (change HECI to IMEI) lenToFind: 4, lenToReplace: 4, Target Bridge: <null string>
0:835  0:000   - [02]: (change MEI to IMEI) lenToFind: 3, lenToReplace: 4, Target Bridge: <null string>
0:835  0:000    patch disabled at config
0:835  0:000   - [03]: (change GFX0 to IGPU) lenToFind: 4, lenToReplace: 4, Target Bridge: <null string>
0:835  0:000   - [04]: (change EHC1 to EH01) lenToFind: 4, lenToReplace: 4, Target Bridge: <null string>
0:835  0:000   - [05]: (change EHC2 to EH02) lenToFind: 4, lenToReplace: 4, Target Bridge: <null string>
0:835  0:000   - [06]: (change Method(GPRW,2,N) to XPRW, pair with SSDT-GPRW.aml) lenToFind: 5, lenToReplace: 5, Target Bridge: <null string>
0:835  0:000   - [07]: (change LANC Method(_PRW,0,S) to Method(XPRW,0,..), pair with SSDT-LANC_PRW.aml) lenToFind: 11, lenToReplace: 11, Target Bridge: <null string>
0:835  0:000   - [08]: (change Method(_PTS,1,N) to ZPTS, pair with SSDT-PTSWAK.aml) lenToFind: 5, lenToReplace: 5, Target Bridge: <null string>
0:835  0:000   - [09]: (change Method(_PTS,1,S) to ZPTS, pair with SSDT-PTSWAK.aml) lenToFind: 5, lenToReplace: 5, Target Bridge: <null string>
0:835  0:000   - [10]: (change Method(_WAK,1,N) to ZWAK, pair with SSDT-PTSWAK.aml) lenToFind: 5, lenToReplace: 5, Target Bridge: <null string>
0:835  0:000   - [11]: (change Method(_WAK,1,S) to ZWAK, pair with SSDT-PTSWAK.aml) lenToFind: 5, lenToReplace: 5, Target Bridge: <null string>
0:835  0:000   - [12]: (change _DSM to XDSM) lenToFind: 4, lenToReplace: 4, Target Bridge: <null string>
0:835  0:000   - [13]: (change OSID to XSID (to avoid match against _OSI XOSI patch)) lenToFind: 4, lenToReplace: 4, Target Bridge: <null string>
0:835  0:000   - [14]: (change _OSI to XOSI, pair with SSDT-XOSI.aml) lenToFind: 4, lenToReplace: 4, Target Bridge: <null string>
0:835  0:000   - [15]: (change _BIF to TBIF for battery status) lenToFind: 5, lenToReplace: 5, Target Bridge: <null string>
0:835  0:000   - [16]: (change _BST to TBST for battery status) lenToFind: 5, lenToReplace: 5, Target Bridge: <null string>
0:835  0:000  Using ProductName from config: MacBook10,1
0:835  0:000  Using latest BiosVersion from clover
0:835  0:000  BiosVersion: MB101.88Z.0163.B00.1806260755
0:835  0:000  BiosReleaseDate: 06/26/2018
0:835  0:000  Using FirmwareFeatures from config: 0xFC0FE13F
0:835  0:000  Using FirmwareFeaturesMask from config: 0xFF1FFF3F
0:835  0:000  Board-ID set from config as Mac-EE2EBD4B90B839A8
0:835  0:000  BoardType: 0xA
0:835  0:000  ChassisType: 0x9
0:835  0:000  Converted CustomUUID 9D015743-822F-48CD-8288-DF30B7A94394
0:838  0:002  === [ Found DSDT tables ] =================================
0:916  0:078  === [ ScanVolumes ] =======================================
0:916  0:000  Found 13 volumes with blockIO
0:916  0:000  - [00]: Volume: PciRoot(0x0)\Pci(0x14,0x0)\USB(0xC,0x0)\USB(0x1,0x0)
0:916  0:000          USB volume
0:916  0:000          USB volume
0:916  0:000  - [01]: Volume: PciRoot(0x0)\Pci(0x17,0x0)\Sata(0x1,0xFFFF,0x0)
0:917  0:000  - [02]: Volume: PciRoot(0x0)\Pci(0x17,0x0)\Sata(0x1,0xFFFF,0x0)\HD(1,GPT,0D909C5A-A2B5-470B-B764-2906A36D9D91,0x800,0x82000)
0:917  0:000          Result of bootcode detection: bootable Windows (vista,win)
0:919  0:001          This is SelfVolume !!
0:919  0:000  - [03]: Volume: PciRoot(0x0)\Pci(0x17,0x0)\Sata(0x1,0xFFFF,0x0)\HD(2,GPT,3DE5E5B3-4DC5-429E-8D31-AB9B293AB98D,0x82800,0x8000)
0:919  0:000  - [04]: Volume: PciRoot(0x0)\Pci(0x17,0x0)\Sata(0x1,0xFFFF,0x0)\HD(3,GPT,74AEF59B-B781-4C2E-9FBD-36E68B6F9802,0x8A800,0x15066000)
0:920  0:000          Result of bootcode detection: bootable Windows (vista,win)
0:920  0:000  - [05]: Volume: PciRoot(0x0)\Pci(0x17,0x0)\Sata(0x1,0xFFFF,0x0)\HD(4,GPT,BC40A7EF-5CDC-4CB4-BD70-BC68D894A33C,0x150F0800,0x2800000)
0:920  0:000  - [06]: Volume: PciRoot(0x0)\Pci(0x17,0x0)\Sata(0x1,0xFFFF,0x0)\HD(5,GPT,1EDF2D76-20C5-4AEA-8CD7-2133ED4F8ED7,0x178F0800,0x6402A88)
0:921  0:000          Result of bootcode detection: bootable unknown (legacy)
0:921  0:000  - [07]: Volume: PciRoot(0x0)\Pci(0x1E,0x6)\SD(0x0)
0:924  0:003          Result of bootcode detection: bootable unknown (legacy)
0:924  0:000  - [08]: Volume: PciRoot(0x0)\Pci(0x1E,0x6)\SD(0x0)\HD(1,MBR,0x71D9E070,0x800,0x75DE800)
0:927  0:003          Result of bootcode detection: bootable Windows (win)
0:927  0:000  - [09]: Volume: PciRoot(0x0)\Pci(0x17,0x0)\Sata(0x1,0xFFFF,0x0)\HD(5,GPT,1EDF2D76-20C5-4AEA-8CD7-2133ED4F8ED7,0x178F0800,0x6402A88)\VenMedia(BE74FCF7-0B7C-49F3-9147-01F4042E6842,54EFD3D25DF0C04BB52205CBEAC6B0AB)
0:927  0:000          hiding this volume
0:927  0:000  - [10]: Volume: PciRoot(0x0)\Pci(0x17,0x0)\Sata(0x1,0xFFFF,0x0)\HD(5,GPT,1EDF2D76-20C5-4AEA-8CD7-2133ED4F8ED7,0x178F0800,0x6402A88)\VenMedia(BE74FCF7-0B7C-49F3-9147-01F4042E6842,E73EE5B5277D8D4EB6BEFD4635F2A0A2)
0:927  0:000  - [11]: Volume: PciRoot(0x0)\Pci(0x17,0x0)\Sata(0x1,0xFFFF,0x0)\HD(5,GPT,1EDF2D76-20C5-4AEA-8CD7-2133ED4F8ED7,0x178F0800,0x6402A88)\VenMedia(BE74FCF7-0B7C-49F3-9147-01F4042E6842,EE39146192328C449D6245174730D8A4)
0:928  0:000  - [12]: Volume: PciRoot(0x0)\Pci(0x17,0x0)\Sata(0x1,0xFFFF,0x0)\HD(5,GPT,1EDF2D76-20C5-4AEA-8CD7-2133ED4F8ED7,0x178F0800,0x6402A88)\VenMedia(BE74FCF7-0B7C-49F3-9147-01F4042E6842,638FD9651D20E441938A18DED98F61FF)
0:928  0:000  === [ InitTheme ] =========================================
0:934  0:005  Using theme 'BGM' (EFI\CLOVER\themes\BGM)
0:934  0:000  OS main and drive as badge
0:938  0:003  Loading font from ThemeDir: Success
0:938  0:000  Chosen theme random
0:938  0:000  after NVRAM boot-args=-v dart=0 kext-dev-mode=1 -disablegfxfirmware abm_firstpolldelay=16000
0:938  0:000  === [ Dump SMC keys from NVRAM ] ==========================
0:938  0:000  found AppleSMC protocol
1:005  0:066  Registered 17 SMC keys
1:007  0:001  === [ AddCustomEntries ] ==================================
1:007  0:000  Custom entry 0 Title:"Recovery" Path:"\com.apple.recovery.boot\boot.efi" Type:10 Flags:0x6 matching all volumes
1:007  0:000      Checking volume "EFI" (PciRoot(0x0)\Pci(0x17,0x0)\Sata(0x1,0xFFFF,0x0)\HD(1,GPT,0D909C5A-A2B5-470B-B764-2906A36D9D91,0x800,0x82000)) ... skipped because path does not exist
1:008  0:000      Checking volume "" (PciRoot(0x0)\Pci(0x17,0x0)\Sata(0x1,0xFFFF,0x0)\HD(3,GPT,74AEF59B-B781-4C2E-9FBD-36E68B6F9802,0x8A800,0x15066000)) ... skipped because path does not exist
1:008  0:000      Checking volume "Data" (PciRoot(0x0)\Pci(0x1E,0x6)\SD(0x0)\HD(1,MBR,0x71D9E070,0x800,0x75DE800)) ... skipped because path does not exist
1:008  0:000      Checking volume "Preboot" (PciRoot(0x0)\Pci(0x17,0x0)\Sata(0x1,0xFFFF,0x0)\HD(5,GPT,1EDF2D76-20C5-4AEA-8CD7-2133ED4F8ED7,0x178F0800,0x6402A88)\VenMedia(BE74FCF7-0B7C-49F3-9147-01F4042E6842,54EFD3D25DF0C04BB52205CBEAC6B0AB)) ... skipped because volume is hidden
1:008  0:000      Checking volume "macOs" (PciRoot(0x0)\Pci(0x17,0x0)\Sata(0x1,0xFFFF,0x0)\HD(5,GPT,1EDF2D76-20C5-4AEA-8CD7-2133ED4F8ED7,0x178F0800,0x6402A88)\VenMedia(BE74FCF7-0B7C-49F3-9147-01F4042E6842,E73EE5B5277D8D4EB6BEFD4635F2A0A2)) ... skipped because path does not exist
1:010  0:002      Checking volume "Recovery" (PciRoot(0x0)\Pci(0x17,0x0)\Sata(0x1,0xFFFF,0x0)\HD(5,GPT,1EDF2D76-20C5-4AEA-8CD7-2133ED4F8ED7,0x178F0800,0x6402A88)\VenMedia(BE74FCF7-0B7C-49F3-9147-01F4042E6842,EE39146192328C449D6245174730D8A4)) ... skipped because path does not exist
1:011  0:001      Checking volume "VM" (PciRoot(0x0)\Pci(0x17,0x0)\Sata(0x1,0xFFFF,0x0)\HD(5,GPT,1EDF2D76-20C5-4AEA-8CD7-2133ED4F8ED7,0x178F0800,0x6402A88)\VenMedia(BE74FCF7-0B7C-49F3-9147-01F4042E6842,638FD9651D20E441938A18DED98F61FF)) ... skipped because path does not exist
1:011  0:000  Custom entry 1 Title:"Windows" Path:"\EFI\Microsoft\Boot\bootmgfw.efi" Options:"-s -h" Type:7 Flags:0x0 matching all volumes
1:011  0:000      Checking volume "EFI" (PciRoot(0x0)\Pci(0x17,0x0)\Sata(0x1,0xFFFF,0x0)\HD(1,GPT,0D909C5A-A2B5-470B-B764-2906A36D9D91,0x800,0x82000)) ... match!
1:019  0:007  Custom settings: <null string>.plist will  be applied
1:019  0:000      Checking volume "" (PciRoot(0x0)\Pci(0x17,0x0)\Sata(0x1,0xFFFF,0x0)\HD(3,GPT,74AEF59B-B781-4C2E-9FBD-36E68B6F9802,0x8A800,0x15066000)) ... skipped because path does not exist
1:019  0:000      Checking volume "Data" (PciRoot(0x0)\Pci(0x1E,0x6)\SD(0x0)\HD(1,MBR,0x71D9E070,0x800,0x75DE800)) ... skipped because path does not exist
1:019  0:000      Checking volume "Preboot" (PciRoot(0x0)\Pci(0x17,0x0)\Sata(0x1,0xFFFF,0x0)\HD(5,GPT,1EDF2D76-20C5-4AEA-8CD7-2133ED4F8ED7,0x178F0800,0x6402A88)\VenMedia(BE74FCF7-0B7C-49F3-9147-01F4042E6842,54EFD3D25DF0C04BB52205CBEAC6B0AB)) ... skipped because volume is hidden
1:019  0:000      Checking volume "macOs" (PciRoot(0x0)\Pci(0x17,0x0)\Sata(0x1,0xFFFF,0x0)\HD(5,GPT,1EDF2D76-20C5-4AEA-8CD7-2133ED4F8ED7,0x178F0800,0x6402A88)\VenMedia(BE74FCF7-0B7C-49F3-9147-01F4042E6842,E73EE5B5277D8D4EB6BEFD4635F2A0A2)) ... skipped because path does not exist
1:022  0:002      Checking volume "Recovery" (PciRoot(0x0)\Pci(0x17,0x0)\Sata(0x1,0xFFFF,0x0)\HD(5,GPT,1EDF2D76-20C5-4AEA-8CD7-2133ED4F8ED7,0x178F0800,0x6402A88)\VenMedia(BE74FCF7-0B7C-49F3-9147-01F4042E6842,EE39146192328C449D6245174730D8A4)) ... skipped because path does not exist
1:023  0:001      Checking volume "VM" (PciRoot(0x0)\Pci(0x17,0x0)\Sata(0x1,0xFFFF,0x0)\HD(5,GPT,1EDF2D76-20C5-4AEA-8CD7-2133ED4F8ED7,0x178F0800,0x6402A88)\VenMedia(BE74FCF7-0B7C-49F3-9147-01F4042E6842,638FD9651D20E441938A18DED98F61FF)) ... skipped because path does not exist
1:023  0:000  Custom entry 2 FullTitle:"Android" Path:"/EFI/Android/BOOTx64.EFI" Type:99 Flags:0x0 matching Volume:"EE15BBC6-F6F4-4F94-BC33-50FAD8C31C8A"
1:023  0:000      Checking volume "EFI" (PciRoot(0x0)\Pci(0x17,0x0)\Sata(0x1,0xFFFF,0x0)\HD(1,GPT,0D909C5A-A2B5-470B-B764-2906A36D9D91,0x800,0x82000)) ... skipped
1:023  0:000      Checking volume "" (PciRoot(0x0)\Pci(0x17,0x0)\Sata(0x1,0xFFFF,0x0)\HD(3,GPT,74AEF59B-B781-4C2E-9FBD-36E68B6F9802,0x8A800,0x15066000)) ... skipped
1:023  0:000      Checking volume "Data" (PciRoot(0x0)\Pci(0x1E,0x6)\SD(0x0)\HD(1,MBR,0x71D9E070,0x800,0x75DE800)) ... skipped
1:023  0:000      Checking volume "Preboot" (PciRoot(0x0)\Pci(0x17,0x0)\Sata(0x1,0xFFFF,0x0)\HD(5,GPT,1EDF2D76-20C5-4AEA-8CD7-2133ED4F8ED7,0x178F0800,0x6402A88)\VenMedia(BE74FCF7-0B7C-49F3-9147-01F4042E6842,54EFD3D25DF0C04BB52205CBEAC6B0AB)) ... skipped because volume is hidden
1:023  0:000      Checking volume "macOs" (PciRoot(0x0)\Pci(0x17,0x0)\Sata(0x1,0xFFFF,0x0)\HD(5,GPT,1EDF2D76-20C5-4AEA-8CD7-2133ED4F8ED7,0x178F0800,0x6402A88)\VenMedia(BE74FCF7-0B7C-49F3-9147-01F4042E6842,E73EE5B5277D8D4EB6BEFD4635F2A0A2)) ... skipped
1:023  0:000      Checking volume "Recovery" (PciRoot(0x0)\Pci(0x17,0x0)\Sata(0x1,0xFFFF,0x0)\HD(5,GPT,1EDF2D76-20C5-4AEA-8CD7-2133ED4F8ED7,0x178F0800,0x6402A88)\VenMedia(BE74FCF7-0B7C-49F3-9147-01F4042E6842,EE39146192328C449D6245174730D8A4)) ... skipped
1:023  0:000      Checking volume "VM" (PciRoot(0x0)\Pci(0x17,0x0)\Sata(0x1,0xFFFF,0x0)\HD(5,GPT,1EDF2D76-20C5-4AEA-8CD7-2133ED4F8ED7,0x178F0800,0x6402A88)\VenMedia(BE74FCF7-0B7C-49F3-9147-01F4042E6842,638FD9651D20E441938A18DED98F61FF)) ... skipped
1:023  0:000  === [ ScanLoader ] ========================================
1:023  0:000  - [02]: 'EFI'
1:031  0:008          AddLoaderEntry for Volume Name=EFI
1:031  0:000       skipped because path `PciRoot(0x0)\Pci(0x17,0x0)\Sata(0x1,0xFFFF,0x0)\HD(1,GPT,0D909C5A-A2B5-470B-B764-2906A36D9D91,0x800,0x82000)\EFI\microsoft\Boot\bootmgfw.efii` already exists for another entry!
1:062  0:030          AddLoaderEntry for Volume Name=EFI
1:128  0:065          AddLoaderEntry for Volume Name=EFI
1:128  0:000          skipped because entry is hidden
1:128  0:000  - [04]: ''
1:199  0:071  - [08]: 'Data'
1:270  0:071  - [09]: 'Preboot', hidden
1:270  0:000  - [10]: 'macOs'
1:453  0:182          AddLoaderEntry for Volume Name=macOs
1:488  0:035      hibernated: set as never
1:492  0:003          [!] Icon 18 (icons\vol_internal_apfs.icns) not found (path: EFI\CLOVER\themes\BGM)
1:654  0:162  - [11]: 'Recovery'
1:673  0:019          AddLoaderEntry for Volume Name=Recovery
1:810  0:136  - [12]: 'VM'
1:882  0:071  === [ AddCustomTool ] =====================================
1:885  0:003  found tool \EFI\CLOVER\tools\Shell64U.efi
1:885  0:000  Checking EFI partition Volume 2 for Clover
1:889  0:003   Found Clover
1:900  0:011  === [ GetEfiBootDeviceFromNvram ] =========================
1:901  0:001   - efi-boot-device-data: PciRoot(0x0)\Pci(0x17,0x0)\Sata(0x1,0xFFFF,0x0)\HD(5,GPT,1EDF2D76-20C5-4AEA-8CD7-2133ED4F8ED7,0x178F0800,0x6402A88)\VenMedia(BE74FCF7-0B7C-49F3-9147-01F4042E6842,E73EE5B5277D8D4EB6BEFD4635F2A0A2)
1:901  0:000    - Volume: 'PciRoot(0x0)\Pci(0x17,0x0)\Sata(0x1,0xFFFF,0x0)\HD(5,GPT,1EDF2D76-20C5-4AEA-8CD7-2133ED4F8ED7,0x178F0800,0x6402A88)\VenMedia(BE74FCF7-0B7C-49F3-9147-01F4042E6842,E73EE5B5277D8D4EB6BEFD4635F2A0A2)'
1:901  0:000    - LoaderPath: '<null string>'
1:901  0:000    - Guid = 1EDF2D76-20C5-4AEA-8CD7-2133ED4F8ED7
1:901  0:000  === [ FindStartupDiskVolume ] =============================
1:901  0:000    - Volume: partition = PciRoot(0x0)\Pci(0x17,0x0)\Sata(0x1,0xFFFF,0x0)\HD(5,GPT,1EDF2D76-20C5-4AEA-8CD7-2133ED4F8ED7,0x178F0800,0x6402A88)\VenMedia(BE74FCF7-0B7C-49F3-9147-01F4042E6842,E73EE5B5277D8D4EB6BEFD4635F2A0A2)
1:901  0:000     - searching for that partition
1:901  0:000      - found entry 2. 'Boot macOS from macOs', Volume 'macOs'
1:901  0:000  Boot redirected to Entry 2. 'Boot macOS from macOs'
1:901  0:000  DefaultIndex=2 and MainMenu.EntryCount=10
2:396  0:494  GUI ready
55:398  53:001  Found UEFI Acpi 2.0 RSDP at 3A55D000
55:398  0:000  Saving ACPI tables from RSDP 3A55D000 to EFI\CLOVER\ACPI\origin ...
55:398  0:000   3A55D000: 'RSD PTR ', Rev: 2 (Acpi 2.0 or newer), Len: 36 -> RSDP.aml
55:422  0:024    (Xsdt: 3A55D0B0, Rsdt: 3A55D028)
55:422  0:000    3A55D0B0: 'XSDT', 'A M I', Rev: 1, Len: 228 -> XSDT.aml
55:444  0:021    3A55D028: 'RSDT', 'A M I', Rev: 1, Len: 132 -> RSDT.aml
55:464  0:019    Tables in Xsdt: 24
55:464  0:000    0. 3A585820: 'FACP', 'A M I', Rev: 6, Len: 276 -> FACP.aml
55:486  0:021        (Dsdt: 3A55D228, Facs: 3AD63C40, XDsdt: 3A55D228, XFacs: 0)
55:486  0:000        3A55D228: 'DSDT', 'A M I', Rev: 2, Len: 165368 -> DSDT.aml
55:526  0:039        3AD63C40: 'FACS', Ver: 2, Len: 64 -> FACS.aml
55:546  0:019    1. 3A585938: 'APIC', 'A M I', Rev: 3, Len: 132 -> APIC.aml
55:566  0:019    2. 3A5859C0: 'FPDT', 'A M I', Rev: 1, Len: 68 -> FPDT.aml
55:588  0:021    3. 3A585A08: 'MCFG', 'A M I', Rev: 1, Len: 60 -> MCFG.aml
55:609  0:021    4. 3A585A48: 'FIDT', 'A M I', Rev: 1, Len: 156 -> FIDT.aml
55:630  0:020    5. 3A585AE8: 'SSDT', 'DptfTabl', Rev: 2, Len: 42134 -> SSDT-0-DptfTabl.aml
55:653  0:022    6. 3A58FF80: 'MSDM', 'A M I', Rev: 3, Len: 85 -> MSDM.aml
55:674  0:020    7. 3A58FFD8: 'SSDT', 'SaSsdt', Rev: 2, Len: 12628 -> SSDT-1-SaSsdt.aml
55:695  0:020    8. 3A593130: 'HPET', 'KBL-ULT', Rev: 1, Len: 56 -> HPET.aml
55:716  0:021    9. 3A593168: 'SSDT', 'Ther_Rvp', Rev: 2, Len: 1375 -> SSDT-2-Ther_Rvp.aml
55:736  0:019    10. 3A5936C8: 'SSDT', 'xh_rvp03', Rev: 2, Len: 2924 -> SSDT-3-xh_rvp03.aml
55:758  0:021    11. 3A594238: 'UEFI', 'EDK2', Rev: 1, Len: 66 -> UEFI.aml
55:779  0:021    12. 3A594280: 'SSDT', 'CpuSsdt', Rev: 2, Len: 3806 -> SSDT-4-CpuSsdt.aml
55:800  0:020    13. 3A595160: 'LPIT', 'KBL-ULT', Rev: 1, Len: 148 -> LPIT.aml
55:822  0:021    14. 3A5951F8: 'WSMT', 'KBL-ULT', Rev: 1, Len: 40 -> WSMT.aml
55:842  0:020    15. 3A595220: 'SSDT', 'sensrhub', Rev: 2, Len: 671 -> SSDT-5-sensrhub.aml
55:864  0:021    16. 3A5954C0: 'SSDT', 'PtidDevc', Rev: 2, Len: 12290 -> SSDT-6-PtidDevc.aml
55:885  0:021    17. 3A5984C8: 'DBGP', '', Rev: 1, Len: 52 -> DBGP.aml
55:905  0:019    18. 3A598500: 'DBG2', '', Rev: 0, Len: 84 -> DBG2.aml
55:927  0:021    19. 3A598558: 'BGRT', 'A M I', Rev: 1, Len: 56 -> BGRT.aml
55:949  0:021    20. 3A598590: 'DMAR', 'KBL', Rev: 1, Len: 312 -> DMAR.aml
55:969  0:020    21. 3A5986C8: 'TPM2', 'Tpm2Tabl', Rev: 3, Len: 52 -> TPM2.aml
55:991  0:021    22. 3A598700: 'ASF!', ' HCG', Rev: 32, Len: 160 -> ASF!.aml
56:013  0:022    23. = 0
56:013  0:000    Tables in Rsdt: 24
56:013  0:000    0. 3A55D1A0: 'FACP', 'A M I', Rev: 2, Len: 132 -> RSDT-FACP.aml
56:034  0:020        (Dsdt: 3A55D228, Facs: 3AD63C00)
56:034  0:000        3A55D228: 'DSDT', 'A M I', Rev: 2, Len: 165368
56:034  0:000        3AD63C00: 'FACS', Ver: 0, Len: 64 -> RSDT-FACS.aml
56:056  0:021    1. 3A585938: 'APIC', 'A M I', Rev: 3, Len: 132
56:056  0:000    2. 3A5859C0: 'FPDT', 'A M I', Rev: 1, Len: 68
56:056  0:000    3. 3A585A08: 'MCFG', 'A M I', Rev: 1, Len: 60
56:056  0:000    4. 3A585A48: 'FIDT', 'A M I', Rev: 1, Len: 156
56:056  0:000    5. 3A585AE8: 'SSDT', 'DptfTabl', Rev: 2, Len: 42134
56:056  0:000    6. 3A58FF80: 'MSDM', 'A M I', Rev: 3, Len: 85
56:056  0:000    7. 3A58FFD8: 'SSDT', 'SaSsdt', Rev: 2, Len: 12628
56:056  0:000    8. 3A593130: 'HPET', 'KBL-ULT', Rev: 1, Len: 56
56:056  0:000    9. 3A593168: 'SSDT', 'Ther_Rvp', Rev: 2, Len: 1375
56:056  0:000    10. 3A5936C8: 'SSDT', 'xh_rvp03', Rev: 2, Len: 2924
56:056  0:000    11. 3A594238: 'UEFI', 'EDK2', Rev: 1, Len: 66
56:056  0:000    12. 3A594280: 'SSDT', 'CpuSsdt', Rev: 2, Len: 3806
56:056  0:000    13. 3A595160: 'LPIT', 'KBL-ULT', Rev: 1, Len: 148
56:056  0:000    14. 3A5951F8: 'WSMT', 'KBL-ULT', Rev: 1, Len: 40
56:056  0:000    15. 3A595220: 'SSDT', 'sensrhub', Rev: 2, Len: 671
56:056  0:000    16. 3A5954C0: 'SSDT', 'PtidDevc', Rev: 2, Len: 12290
56:056  0:000    17. 3A5984C8: 'DBGP', '', Rev: 1, Len: 52
56:056  0:000    18. 3A598500: 'DBG2', '', Rev: 0, Len: 84
56:056  0:000    19. 3A598558: 'BGRT', 'A M I', Rev: 1, Len: 56
56:056  0:000    20. 3A598590: 'DMAR', 'KBL', Rev: 1, Len: 312
56:056  0:000    21. 3A5986C8: 'TPM2', 'Tpm2Tabl', Rev: 3, Len: 52
56:056  0:000    22. 3A598700: 'ASF!', ' HCG', Rev: 32, Len: 160
56:056  0:000    23. = 0
56:056  0:000  Found UEFI Acpi 1.0 RSDP at 3A55D000
56:056  0:000  Printing ACPI tables from RSDP 3A55D000 ...
56:056  0:000   3A55D000: 'RSD PTR ', Rev: 2 (Acpi 2.0 or newer), Len: 36
56:056  0:000    (Xsdt: 3A55D0B0, Rsdt: 3A55D028)
56:056  0:000    3A55D0B0: 'XSDT', 'A M I', Rev: 1, Len: 228
56:056  0:000    3A55D028: 'RSDT', 'A M I', Rev: 1, Len: 132
56:056  0:000    Tables in Xsdt: 24
56:056  0:000    0. 3A585820: 'FACP', 'A M I', Rev: 6, Len: 276
56:056  0:000        (Dsdt: 3A55D228, Facs: 3AD63C40, XDsdt: 3A55D228, XFacs: 0)
56:056  0:000        3A55D228: 'DSDT', 'A M I', Rev: 2, Len: 165368
56:056  0:000        3AD63C40: 'FACS', Ver: 2, Len: 64
56:056  0:000    1. 3A585938: 'APIC', 'A M I', Rev: 3, Len: 132
56:056  0:000    2. 3A5859C0: 'FPDT', 'A M I', Rev: 1, Len: 68
56:056  0:000    3. 3A585A08: 'MCFG', 'A M I', Rev: 1, Len: 60
56:056  0:000    4. 3A585A48: 'FIDT', 'A M I', Rev: 1, Len: 156
56:056  0:000    5. 3A585AE8: 'SSDT', 'DptfTabl', Rev: 2, Len: 42134
56:056  0:000    6. 3A58FF80: 'MSDM', 'A M I', Rev: 3, Len: 85
56:056  0:000    7. 3A58FFD8: 'SSDT', 'SaSsdt', Rev: 2, Len: 12628
56:056  0:000    8. 3A593130: 'HPET', 'KBL-ULT', Rev: 1, Len: 56
56:056  0:000    9. 3A593168: 'SSDT', 'Ther_Rvp', Rev: 2, Len: 1375
56:056  0:000    10. 3A5936C8: 'SSDT', 'xh_rvp03', Rev: 2, Len: 2924
56:056  0:000    11. 3A594238: 'UEFI', 'EDK2', Rev: 1, Len: 66
56:056  0:000    12. 3A594280: 'SSDT', 'CpuSsdt', Rev: 2, Len: 3806
56:056  0:000    13. 3A595160: 'LPIT', 'KBL-ULT', Rev: 1, Len: 148
56:056  0:000    14. 3A5951F8: 'WSMT', 'KBL-ULT', Rev: 1, Len: 40
56:056  0:000    15. 3A595220: 'SSDT', 'sensrhub', Rev: 2, Len: 671
56:056  0:000    16. 3A5954C0: 'SSDT', 'PtidDevc', Rev: 2, Len: 12290
56:056  0:000    17. 3A5984C8: 'DBGP', '', Rev: 1, Len: 52
56:056  0:000    18. 3A598500: 'DBG2', '', Rev: 0, Len: 84
56:056  0:000    19. 3A598558: 'BGRT', 'A M I', Rev: 1, Len: 56
56:056  0:000    20. 3A598590: 'DMAR', 'KBL', Rev: 1, Len: 312
56:056  0:000    21. 3A5986C8: 'TPM2', 'Tpm2Tabl', Rev: 3, Len: 52
56:056  0:000    22. 3A598700: 'ASF!', ' HCG', Rev: 32, Len: 160
56:056  0:000    23. = 0
56:056  0:000    Tables in Rsdt: 24
56:056  0:000    0. 3A55D1A0: 'FACP', 'A M I', Rev: 2, Len: 132
56:056  0:000        (Dsdt: 3A55D228, Facs: 3AD63C00)
56:056  0:000        3A55D228: 'DSDT', 'A M I', Rev: 2, Len: 165368
56:056  0:000        3AD63C00: 'FACS', Ver: 0, Len: 64
56:056  0:000    1. 3A585938: 'APIC', 'A M I', Rev: 3, Len: 132
56:056  0:000    2. 3A5859C0: 'FPDT', 'A M I', Rev: 1, Len: 68
56:056  0:000    3. 3A585A08: 'MCFG', 'A M I', Rev: 1, Len: 60
56:056  0:000    4. 3A585A48: 'FIDT', 'A M I', Rev: 1, Len: 156
56:056  0:000    5. 3A585AE8: 'SSDT', 'DptfTabl', Rev: 2, Len: 42134
56:056  0:000    6. 3A58FF80: 'MSDM', 'A M I', Rev: 3, Len: 85
56:056  0:000    7. 3A58FFD8: 'SSDT', 'SaSsdt', Rev: 2, Len: 12628
56:056  0:000    8. 3A593130: 'HPET', 'KBL-ULT', Rev: 1, Len: 56
56:056  0:000    9. 3A593168: 'SSDT', 'Ther_Rvp', Rev: 2, Len: 1375
56:056  0:000    10. 3A5936C8: 'SSDT', 'xh_rvp03', Rev: 2, Len: 2924
56:056  0:000    11. 3A594238: 'UEFI', 'EDK2', Rev: 1, Len: 66
56:056  0:000    12. 3A594280: 'SSDT', 'CpuSsdt', Rev: 2, Len: 3806
56:056  0:000    13. 3A595160: 'LPIT', 'KBL-ULT', Rev: 1, Len: 148
56:056  0:000    14. 3A5951F8: 'WSMT', 'KBL-ULT', Rev: 1, Len: 40
56:056  0:000    15. 3A595220: 'SSDT', 'sensrhub', Rev: 2, Len: 671
56:056  0:000    16. 3A5954C0: 'SSDT', 'PtidDevc', Rev: 2, Len: 12290
56:056  0:000    17. 3A5984C8: 'DBGP', '', Rev: 1, Len: 52
56:056  0:000    18. 3A598500: 'DBG2', '', Rev: 0, Len: 84
56:056  0:000    19. 3A598558: 'BGRT', 'A M I', Rev: 1, Len: 56
56:056  0:000    20. 3A598590: 'DMAR', 'KBL', Rev: 1, Len: 312
56:056  0:000    21. 3A5986C8: 'TPM2', 'Tpm2Tabl', Rev: 3, Len: 52
56:056  0:000    22. 3A598700: 'ASF!', ' HCG', Rev: 32, Len: 160
56:056  0:000    23. = 0
63:484  7:427  BootVariable of the entry is empty
63:484  0:000  === [ StartLoader ] =======================================
63:484  0:000  Finally: ExternalClock=26MHz BusSpeed=100516kHz CPUFreq=1608MHz PIS: hw.busfrequency=104000000Hz
63:484  0:000  Loading boot.efi  status=Success
63:559  0:075  GetOSVersion: 10.14 (18A391)
63:559  0:000  CSR_CFG: CSR_ALLOW_UNTRUSTED_KEXTS | CSR_ALLOW_UNRESTRICTED_FS | CSR_ALLOW_TASK_FOR_PID | CSR_ALLOW_UNRESTRICTED_DTRACE | CSR_ALLOW_UNRESTRICTED_NVRAM
63:559  0:000  Filtering KextPatches:
63:559  0:000   - [00]: com.apple.driver.AppleBacklight (change F%uT%04x to F%uTxxxx in AppleBacklightInjector.kext (credit RehabMan)) :: BinPatch :: [OS: 10.14 | MatchOS: All | MatchBuild: All] ==> allowed
63:559  0:000   - [01]: com.apple.driver.AppleIntelKBLGraphicsFramebuffer (0x591b0000, 32MB BIOS, 19MB framebuffer 9MB cursor bytes (credit RehabMan)) :: BinPatch :: [OS: 10.14 | MatchOS: All | MatchBuild: All] ==> allowed
63:559  0:000   - [02]: com.apple.driver.AppleIntelKBLGraphicsFramebuffer (0x591b0000, 0105 instead of 0306, HDMI) :: BinPatch :: [OS: 10.14 | MatchOS: All | MatchBuild: All] ==> allowed
63:559  0:000   - [03]: com.apple.driver.AppleIntelKBLGraphicsFramebuffer (Modify 0x591E0000 video ports to match Mix Plus (port 0 to eDP, port 1 to HDMI,port 2,3 nonexistent)) :: BinPatch :: [OS: 10.14 | MatchOS: All | MatchBuild: All] ==> allowed
63:559  0:000   - [04]: AppleIntelKBLGraphicsFramebuffer (Modify 0x591E0000 video ports to match Mix Plus (port 0 to eDP, port 1 to HDMI,port 2,3 nonexistent)) :: BinPatch :: [OS: 10.14 | MatchOS: All | MatchBuild: All] ==> allowed
63:559  0:000  Filtering KernelPatches:
63:559  0:000   - [00]: MSR 0xE2 _xcpm_idle instant reboot(c) Pike R. Alpha :: [OS: 10.14 | MatchOS: All | MatchBuild: no] ==> allowed by OS
63:559  0:000  Will not patch boot.efi
63:559  0:000  === [ PatchSmbios ] =======================================
63:559  0:000  insert table 9 for dev 0:0
63:561  0:001  Trusting SMBIOS...
63:561  0:000  Detected alternating SMBIOS channel banks
63:561  0:000  Channels: 2
63:561  0:000  Interleave: 0 2 1 3 4 6 5 7 8 10 9 11 12 14 13 15 16 18 17 19 20 22 21 23
63:561  0:000   partNum unknown
63:561  0:000  SMBIOS Type 17 Index = 0 => 0 0:
63:561  0:000  BANK 0 DIMM0 1867MHz 2048MB
63:561  0:000   partNum unknown
63:561  0:000  SMBIOS Type 17 Index = 1 => 1 2:
63:561  0:000  BANK 1 DIMM0 1867MHz 2048MB
63:561  0:000  mTotalSystemMemory = 4096
63:561  0:000  NumberOfMemoryDevices = 2
63:561  0:000  Type20[0]->End = 0x1FFFFF, Type17[0] = 0x800
63:561  0:000  Type20[1]->End = 0x3FFFFF, Type17[1] = 0x1800
63:561  0:000  Table 131 is present, CPUType=31
63:561  0:000  Change to: C05
63:561  0:000  === [ PatchACPI ] =========================================
63:561  0:000  Xsdt reallocation done
63:561  0:000  old FADT length=114
63:561  0:000   SignatureFixup: 0x7406E112 -> 0x0
63:565  0:004  Apply DsdtFixMask=0x20000000
63:565  0:000     drop _DSM mask=0x0000
63:565  0:000  === [ FixBiosDsdt ] =======================================
63:565  0:000  VideoCard devID=0x591E8086
63:565  0:000  DisplayADR1[0] = 0x20000, DisplayADR2[0] = 0xFFFE
63:565  0:000  USBADR[0] = 0x140000 and PCIe = 0xFFFE
63:586  0:021  Patching DSDT:
63:586  0:000   - [change HDAS to HDEF]: pattern 48444153, patched at: [ (2FD) (12) (12) (A813) (15A9) (84) (D) (2B) (32) (4F) (6F) (C3) ]
63:586  0:000   - [change HECI to IMEI]: pattern 48454349, patched at: [ (114E4) ]
63:586  0:000   - [change MEI to IMEI]: disabled
63:586  0:000   - [change GFX0 to IGPU]: pattern 47465830, patched at: [ (51) (12) (12) (12) (12) (12) (12) (12) (12) (12) (12) (12) (12) (12) (12) (6A) (12) (3F1) (12) (50) (327B) (6095) (8649) (A6) (160) (1D) (1ECE) (27) (2D04) (14) (8AAF) (151A) (6E3D) (637) (28) ]
63:586  0:000   - [change EHC1 to EH01]: pattern 45484331, bin not found / already patched!
63:587  0:000   - [change EHC2 to EH02]: pattern 45484332, bin not found / already patched!
63:587  0:000   - [change Method(GPRW,2,N) to XPRW, pair with SSDT-GPRW.aml]: pattern 47505257, patched at: [ (134CC) ]
63:587  0:000   - [change LANC Method(_PRW,0,S) to Method(XPRW,0,..), pair with SSDT-LANC_PRW.aml]: pattern 00001900, bin not found / already patched!
63:587  0:000   - [change Method(_PTS,1,N) to ZPTS, pair with SSDT-PTSWAK.aml]: pattern 5F505453, patched at: [ (93C4) ]
63:587  0:000   - [change Method(_PTS,1,S) to ZPTS, pair with SSDT-PTSWAK.aml]: pattern 5F505453, bin not found / already patched!
63:588  0:000   - [change Method(_WAK,1,N) to ZWAK, pair with SSDT-PTSWAK.aml]: pattern 5F57414B, patched at: [ (9407) ]
63:588  0:000   - [change Method(_WAK,1,S) to ZWAK, pair with SSDT-PTSWAK.aml]: pattern 5F57414B, bin not found / already patched!
63:588  0:000   - [change _DSM to XDSM]: pattern 5F44534D, patched at: [ (38FE) (42D) (3A2) (3A2) (3A2) (3A2) (3A2) (3A2) (3A2) (3A2) (3A2) (3A2) (3A2) (3A2) (3A2) (3A2) (3A2) (3A2) (3A2) (38B) (38B) (38B) (38B) (3A2) (3A2) (1CCC) (77) (29) (727) (103) (6) (71E) (50A) (11) (53) (22) (22) (33) (14) (24) (23D2) (D3) (D3) (D3) (D3) (D3) (BE) (BE) (CC) (104) (104) (31D) (1B3) (233) (508) (1F4) (553) (F22) (14A) (9B) (37) (5D8) (5465) (714) (6BE) (6BE) (6BE) (6D7) (6BE) (6BE) (6BE) (6D7) (6BE) (6BE) (6BE) (6BE) (6BE) (6BE) (6BE) (6BE) (6BE) (6BE) (6BE) (214E) (1DF7) (1FD) (1FC) (1FC) (212) (20F) (210) (210) (503) (9D2) (92C) (92C) (6E7) (1F0) (14D) (811) ]
63:588  0:000   - [change OSID to XSID (to avoid match against _OSI XOSI patch)]: pattern 4F534944, bin not found / already patched!
63:588  0:000   - [change _OSI to XOSI, pair with SSDT-XOSI.aml]: pattern 5F4F5349, patched at: [ (97B1) (9758) (3) (11) (18) (1C) (1C) (1A) (18) (18) (18) (18) ]
63:589  0:000   - [change _BIF to TBIF for battery status]: pattern 5F424946, patched at: [ (27FB8) ]
63:589  0:000   - [change _BST to TBST for battery status]: pattern 5F425354, patched at: [ (2806F) ]
63:589  0:000    0 replacements
63:589  0:000  first CPU found at 9455 offset 9458
63:589  0:000  score candidate at 9451
63:589  0:000  score inserted in acpi_cpu_score _PR_
63:589  0:000  Found ACPI CPU: CPU0 | CPU1 | CPU2 | CPU3 | CPU4 | CPU5 | CPU6 | CPU7 , within the score: _PR_
63:590  0:000  PreCleanup XSDT: count=24, length=228
63:590  0:000  PreCleanup XSDT, corrected XSDT: count=24, length=228
63:590  0:000  === [ ACPIPatchedAML ] ====================================
63:590  0:000  AutoMerge pass 1
63:590  0:000  Unsorted
63:590  0:000  Inserting SSDT-XOSI.aml from EFI\CLOVER\ACPI\patched: ignore on pass 1
63:590  0:000  Inserting SSDT-SMBUS.aml from EFI\CLOVER\ACPI\patched: ignore on pass 1
63:590  0:000  Inserting ssdt-rmne.aml from EFI\CLOVER\ACPI\patched: ignore on pass 1
63:590  0:000  Inserting SSDT-RMCF.aml from EFI\CLOVER\ACPI\patched: ignore on pass 1
63:590  0:000  Inserting SSDT-PTSWAK.aml from EFI\CLOVER\ACPI\patched: ignore on pass 1
63:590  0:000  Inserting SSDT-XHC.aml from EFI\CLOVER\ACPI\patched: ignore on pass 1
63:590  0:000  Inserting SSDT-PNLF.aml from EFI\CLOVER\ACPI\patched: ignore on pass 1
63:590  0:000  Inserting SSDT-MEM2.aml from EFI\CLOVER\ACPI\patched: ignore on pass 1
63:590  0:000  Inserting SSDT-LANCPRW.aml from EFI\CLOVER\ACPI\patched: ignore on pass 1
63:590  0:000  Inserting SSDT-HDEF.aml from EFI\CLOVER\ACPI\patched: ignore on pass 1
63:590  0:000  Inserting SSDT-GPRW.aml from EFI\CLOVER\ACPI\patched: ignore on pass 1
63:590  0:000  Inserting SSDT-EH02.aml from EFI\CLOVER\ACPI\patched: ignore on pass 1
63:590  0:000  Inserting SSDT-EH01.aml from EFI\CLOVER\ACPI\patched: ignore on pass 1
63:590  0:000  Inserting SSDT-BAT0.aml from EFI\CLOVER\ACPI\patched: ignore on pass 1
63:590  0:000  === [ ACPIDropTables ] ====================================
63:590  0:000  Drop tables from XSDT, SIGN=DMAR TableID=KBL  Length=312
63:590  0:000   Table[20]: DMAR  KBL   312 dropped
63:590  0:000  0. [change HDAS to HDEF]: pattern 48444153, bin not found / already patched!
63:590  0:000  1. [change HECI to IMEI]: pattern 48454349, bin not found / already patched!
63:590  0:000  2. [change MEI to IMEI]: disabled
63:590  0:000  3. [change GFX0 to IGPU]: pattern 47465830, patched at: [ (E26) (16) (16) (16) (2C47) (15) (25) (14) (1F) (15) (22) (15) ]
63:590  0:000  4. [change EHC1 to EH01]: pattern 45484331, bin not found / already patched!
63:590  0:000  5. [change EHC2 to EH02]: pattern 45484332, bin not found / already patched!
63:590  0:000  6. [change Method(GPRW,2,N) to XPRW, pair with SSDT-GPRW.aml]: pattern 47505257, bin not found / already patched!
63:590  0:000  7. [change LANC Method(_PRW,0,S) to Method(XPRW,0,..), pair with SSDT-LANC_PRW.aml]: pattern 00001900, bin not found / already patched!
63:590  0:000  8. [change Method(_PTS,1,N) to ZPTS, pair with SSDT-PTSWAK.aml]: pattern 5F505453, bin not found / already patched!
63:590  0:000  9. [change Method(_PTS,1,S) to ZPTS, pair with SSDT-PTSWAK.aml]: pattern 5F505453, bin not found / already patched!
63:590  0:000  10. [change Method(_WAK,1,N) to ZWAK, pair with SSDT-PTSWAK.aml]: pattern 5F57414B, bin not found / already patched!
63:591  0:000  11. [change Method(_WAK,1,S) to ZWAK, pair with SSDT-PTSWAK.aml]: pattern 5F57414B, bin not found / already patched!
63:591  0:000  12. [change _DSM to XDSM]: pattern 5F44534D, bin not found / already patched!
63:591  0:000  13. [change OSID to XSID (to avoid match against _OSI XOSI patch)]: pattern 4F534944, bin not found / already patched!
63:591  0:000  14. [change _OSI to XOSI, pair with SSDT-XOSI.aml]: pattern 5F4F5349, bin not found / already patched!
63:591  0:000  15. [change _BIF to TBIF for battery status]: pattern 5F424946, bin not found / already patched!
63:591  0:000  16. [change _BST to TBST for battery status]: pattern 5F425354, patched at: [ (3DF9) (1B) ]
63:591  0:000    0 replacements
63:591  0:000  0. [change HDAS to HDEF]: pattern 48444153, bin not found / already patched!
63:591  0:000  1. [change HECI to IMEI]: pattern 48454349, bin not found / already patched!
63:591  0:000  2. [change MEI to IMEI]: disabled
63:591  0:000  3. [change GFX0 to IGPU]: pattern 47465830, patched at: [ (2D) (20) (46) (29B) (1C8A) (A3A) (1D) (6EC) ]
63:591  0:000  4. [change EHC1 to EH01]: pattern 45484331, bin not found / already patched!
63:591  0:000  5. [change EHC2 to EH02]: pattern 45484332, bin not found / already patched!
63:591  0:000  6. [change Method(GPRW,2,N) to XPRW, pair with SSDT-GPRW.aml]: pattern 47505257, bin not found / already patched!
63:591  0:000  7. [change LANC Method(_PRW,0,S) to Method(XPRW,0,..), pair with SSDT-LANC_PRW.aml]: pattern 00001900, bin not found / already patched!
63:591  0:000  8. [change Method(_PTS,1,N) to ZPTS, pair with SSDT-PTSWAK.aml]: pattern 5F505453, bin not found / already patched!
63:591  0:000  9. [change Method(_PTS,1,S) to ZPTS, pair with SSDT-PTSWAK.aml]: pattern 5F505453, bin not found / already patched!
63:591  0:000  10. [change Method(_WAK,1,N) to ZWAK, pair with SSDT-PTSWAK.aml]: pattern 5F57414B, bin not found / already patched!
63:591  0:000  11. [change Method(_WAK,1,S) to ZWAK, pair with SSDT-PTSWAK.aml]: pattern 5F57414B, bin not found / already patched!
63:591  0:000  12. [change _DSM to XDSM]: pattern 5F44534D, patched at: [ (2C42) ]
63:591  0:000  13. [change OSID to XSID (to avoid match against _OSI XOSI patch)]: pattern 4F534944, bin not found / already patched!
63:591  0:000  14. [change _OSI to XOSI, pair with SSDT-XOSI.aml]: pattern 5F4F5349, bin not found / already patched!
63:591  0:000  15. [change _BIF to TBIF for battery status]: pattern 5F424946, bin not found / already patched!
63:591  0:000  16. [change _BST to TBST for battery status]: pattern 5F425354, bin not found / already patched!
63:591  0:000    0 replacements
63:591  0:000  Found OperationRegion(SANV, SystemMemory, 3AD63358, ...)
63:591  0:000  0. [change HDAS to HDEF]: pattern 48444153, bin not found / already patched!
63:591  0:000  1. [change HECI to IMEI]: pattern 48454349, bin not found / already patched!
63:591  0:000  2. [change MEI to IMEI]: disabled
63:591  0:000  3. [change GFX0 to IGPU]: pattern 47465830, bin not found / already patched!
63:591  0:000  4. [change EHC1 to EH01]: pattern 45484331, bin not found / already patched!
63:591  0:000  5. [change EHC2 to EH02]: pattern 45484332, bin not found / already patched!
63:591  0:000  6. [change Method(GPRW,2,N) to XPRW, pair with SSDT-GPRW.aml]: pattern 47505257, bin not found / already patched!
63:591  0:000  7. [change LANC Method(_PRW,0,S) to Method(XPRW,0,..), pair with SSDT-LANC_PRW.aml]: pattern 00001900, bin not found / already patched!
63:591  0:000  8. [change Method(_PTS,1,N) to ZPTS, pair with SSDT-PTSWAK.aml]: pattern 5F505453, bin not found / already patched!
63:591  0:000  9. [change Method(_PTS,1,S) to ZPTS, pair with SSDT-PTSWAK.aml]: pattern 5F505453, bin not found / already patched!
63:591  0:000  10. [change Method(_WAK,1,N) to ZWAK, pair with SSDT-PTSWAK.aml]: pattern 5F57414B, bin not found / already patched!
63:591  0:000  11. [change Method(_WAK,1,S) to ZWAK, pair with SSDT-PTSWAK.aml]: pattern 5F57414B, bin not found / already patched!
63:591  0:000  12. [change _DSM to XDSM]: pattern 5F44534D, bin not found / already patched!
63:591  0:000  13. [change OSID to XSID (to avoid match against _OSI XOSI patch)]: pattern 4F534944, bin not found / already patched!
63:591  0:000  14. [change _OSI to XOSI, pair with SSDT-XOSI.aml]: pattern 5F4F5349, bin not found / already patched!
63:591  0:000  15. [change _BIF to TBIF for battery status]: pattern 5F424946, bin not found / already patched!
63:591  0:000  16. [change _BST to TBST for battery status]: pattern 5F425354, bin not found / already patched!
63:591  0:000    0 replacements
63:591  0:000  0. [change HDAS to HDEF]: pattern 48444153, bin not found / already patched!
63:591  0:000  1. [change HECI to IMEI]: pattern 48454349, bin not found / already patched!
63:591  0:000  2. [change MEI to IMEI]: disabled
63:591  0:000  3. [change GFX0 to IGPU]: pattern 47465830, bin not found / already patched!
63:591  0:000  4. [change EHC1 to EH01]: pattern 45484331, bin not found / already patched!
63:591  0:000  5. [change EHC2 to EH02]: pattern 45484332, bin not found / already patched!
63:591  0:000  6. [change Method(GPRW,2,N) to XPRW, pair with SSDT-GPRW.aml]: pattern 47505257, bin not found / already patched!
63:591  0:000  7. [change LANC Method(_PRW,0,S) to Method(XPRW,0,..), pair with SSDT-LANC_PRW.aml]: pattern 00001900, bin not found / already patched!
63:591  0:000  8. [change Method(_PTS,1,N) to ZPTS, pair with SSDT-PTSWAK.aml]: pattern 5F505453, bin not found / already patched!
63:591  0:000  9. [change Method(_PTS,1,S) to ZPTS, pair with SSDT-PTSWAK.aml]: pattern 5F505453, bin not found / already patched!
63:591  0:000  10. [change Method(_WAK,1,N) to ZWAK, pair with SSDT-PTSWAK.aml]: pattern 5F57414B, bin not found / already patched!
63:591  0:000  11. [change Method(_WAK,1,S) to ZWAK, pair with SSDT-PTSWAK.aml]: pattern 5F57414B, bin not found / already patched!
63:591  0:000  12. [change _DSM to XDSM]: pattern 5F44534D, bin not found / already patched!
63:591  0:000  13. [change OSID to XSID (to avoid match against _OSI XOSI patch)]: pattern 4F534944, bin not found / already patched!
63:591  0:000  14. [change _OSI to XOSI, pair with SSDT-XOSI.aml]: pattern 5F4F5349, bin not found / already patched!
63:591  0:000  15. [change _BIF to TBIF for battery status]: pattern 5F424946, bin not found / already patched!
63:591  0:000  16. [change _BST to TBST for battery status]: pattern 5F425354, bin not found / already patched!
63:591  0:000    0 replacements
63:591  0:000  0. [change HDAS to HDEF]: pattern 48444153, bin not found / already patched!
63:591  0:000  1. [change HECI to IMEI]: pattern 48454349, bin not found / already patched!
63:591  0:000  2. [change MEI to IMEI]: disabled
63:591  0:000  3. [change GFX0 to IGPU]: pattern 47465830, bin not found / already patched!
63:591  0:000  4. [change EHC1 to EH01]: pattern 45484331, bin not found / already patched!
63:591  0:000  5. [change EHC2 to EH02]: pattern 45484332, bin not found / already patched!
63:591  0:000  6. [change Method(GPRW,2,N) to XPRW, pair with SSDT-GPRW.aml]: pattern 47505257, bin not found / already patched!
63:591  0:000  7. [change LANC Method(_PRW,0,S) to Method(XPRW,0,..), pair with SSDT-LANC_PRW.aml]: pattern 00001900, bin not found / already patched!
63:591  0:000  8. [change Method(_PTS,1,N) to ZPTS, pair with SSDT-PTSWAK.aml]: pattern 5F505453, bin not found / already patched!
63:591  0:000  9. [change Method(_PTS,1,S) to ZPTS, pair with SSDT-PTSWAK.aml]: pattern 5F505453, bin not found / already patched!
63:591  0:000  10. [change Method(_WAK,1,N) to ZWAK, pair with SSDT-PTSWAK.aml]: pattern 5F57414B, bin not found / already patched!
63:592  0:000  11. [change Method(_WAK,1,S) to ZWAK, pair with SSDT-PTSWAK.aml]: pattern 5F57414B, bin not found / already patched!
63:592  0:000  12. [change _DSM to XDSM]: pattern 5F44534D, bin not found / already patched!
63:592  0:000  13. [change OSID to XSID (to avoid match against _OSI XOSI patch)]: pattern 4F534944, bin not found / already patched!
63:592  0:000  14. [change _OSI to XOSI, pair with SSDT-XOSI.aml]: pattern 5F4F5349, bin not found / already patched!
63:592  0:000  15. [change _BIF to TBIF for battery status]: pattern 5F424946, bin not found / already patched!
63:592  0:000  16. [change _BST to TBST for battery status]: pattern 5F425354, bin not found / already patched!
63:592  0:000    0 replacements
63:592  0:000  Found OperationRegion(PNVS, SystemMemory, 32D14000, ...)
63:592  0:000  0. [change HDAS to HDEF]: pattern 48444153, bin not found / already patched!
63:592  0:000  1. [change HECI to IMEI]: pattern 48454349, bin not found / already patched!
63:592  0:000  2. [change MEI to IMEI]: disabled
63:592  0:000  3. [change GFX0 to IGPU]: pattern 47465830, bin not found / already patched!
63:592  0:000  4. [change EHC1 to EH01]: pattern 45484331, bin not found / already patched!
63:592  0:000  5. [change EHC2 to EH02]: pattern 45484332, bin not found / already patched!
63:592  0:000  6. [change Method(GPRW,2,N) to XPRW, pair with SSDT-GPRW.aml]: pattern 47505257, bin not found / already patched!
63:592  0:000  7. [change LANC Method(_PRW,0,S) to Method(XPRW,0,..), pair with SSDT-LANC_PRW.aml]: pattern 00001900, bin not found / already patched!
63:592  0:000  8. [change Method(_PTS,1,N) to ZPTS, pair with SSDT-PTSWAK.aml]: pattern 5F505453, bin not found / already patched!
63:592  0:000  9. [change Method(_PTS,1,S) to ZPTS, pair with SSDT-PTSWAK.aml]: pattern 5F505453, bin not found / already patched!
63:592  0:000  10. [change Method(_WAK,1,N) to ZWAK, pair with SSDT-PTSWAK.aml]: pattern 5F57414B, bin not found / already patched!
63:592  0:000  11. [change Method(_WAK,1,S) to ZWAK, pair with SSDT-PTSWAK.aml]: pattern 5F57414B, bin not found / already patched!
63:592  0:000  12. [change _DSM to XDSM]: pattern 5F44534D, patched at: [ (A5) ]
63:592  0:000  13. [change OSID to XSID (to avoid match against _OSI XOSI patch)]: pattern 4F534944, bin not found / already patched!
63:592  0:000  14. [change _OSI to XOSI, pair with SSDT-XOSI.aml]: pattern 5F4F5349, bin not found / already patched!
63:592  0:000  15. [change _BIF to TBIF for battery status]: pattern 5F424946, bin not found / already patched!
63:592  0:000  16. [change _BST to TBST for battery status]: pattern 5F425354, bin not found / already patched!
63:592  0:000    0 replacements
63:592  0:000  0. [change HDAS to HDEF]: pattern 48444153, bin not found / already patched!
63:592  0:000  1. [change HECI to IMEI]: pattern 48454349, bin not found / already patched!
63:592  0:000  2. [change MEI to IMEI]: disabled
63:592  0:000  3. [change GFX0 to IGPU]: pattern 47465830, bin not found / already patched!
63:592  0:000  4. [change EHC1 to EH01]: pattern 45484331, bin not found / already patched!
63:592  0:000  5. [change EHC2 to EH02]: pattern 45484332, bin not found / already patched!
63:592  0:000  6. [change Method(GPRW,2,N) to XPRW, pair with SSDT-GPRW.aml]: pattern 47505257, bin not found / already patched!
63:592  0:000  7. [change LANC Method(_PRW,0,S) to Method(XPRW,0,..), pair with SSDT-LANC_PRW.aml]: pattern 00001900, bin not found / already patched!
63:592  0:000  8. [change Method(_PTS,1,N) to ZPTS, pair with SSDT-PTSWAK.aml]: pattern 5F505453, bin not found / already patched!
63:592  0:000  9. [change Method(_PTS,1,S) to ZPTS, pair with SSDT-PTSWAK.aml]: pattern 5F505453, bin not found / already patched!
63:592  0:000  10. [change Method(_WAK,1,N) to ZWAK, pair with SSDT-PTSWAK.aml]: pattern 5F57414B, bin not found / already patched!
63:592  0:000  11. [change Method(_WAK,1,S) to ZWAK, pair with SSDT-PTSWAK.aml]: pattern 5F57414B, bin not found / already patched!
63:592  0:000  12. [change _DSM to XDSM]: pattern 5F44534D, bin not found / already patched!
63:592  0:000  13. [change OSID to XSID (to avoid match against _OSI XOSI patch)]: pattern 4F534944, bin not found / already patched!
63:592  0:000  14. [change _OSI to XOSI, pair with SSDT-XOSI.aml]: pattern 5F4F5349, bin not found / already patched!
63:592  0:000  15. [change _BIF to TBIF for battery status]: pattern 5F424946, bin not found / already patched!
63:592  0:000  16. [change _BST to TBST for battery status]: pattern 5F425354, bin not found / already patched!
63:592  0:000    0 replacements
63:592  0:000  === [ ACPIPatchedAML ] ====================================
63:592  0:000  AutoMerge pass 2
63:592  0:000  Unsorted
63:592  0:000  Inserting SSDT-XOSI.aml from EFI\CLOVER\ACPI\patched: size=206 ... Success
63:595  0:002  Inserting SSDT-SMBUS.aml from EFI\CLOVER\ACPI\patched: size=138 ... Success
63:597  0:002  Inserting ssdt-rmne.aml from EFI\CLOVER\ACPI\patched: size=212 ... Success
63:599  0:002  Inserting SSDT-RMCF.aml from EFI\CLOVER\ACPI\patched: size=877 ... Success
63:601  0:002  Inserting SSDT-PTSWAK.aml from EFI\CLOVER\ACPI\patched: size=782 ... Success
63:603  0:002  Inserting SSDT-XHC.aml from EFI\CLOVER\ACPI\patched: size=384 ... Success
63:606  0:002  Inserting SSDT-PNLF.aml from EFI\CLOVER\ACPI\patched: size=978 ... Success
63:608  0:002  Inserting SSDT-MEM2.aml from EFI\CLOVER\ACPI\patched: size=148 ... Success
63:610  0:002  Inserting SSDT-LANCPRW.aml from EFI\CLOVER\ACPI\patched: size=129 ... Success
63:612  0:002  Inserting SSDT-HDEF.aml from EFI\CLOVER\ACPI\patched: size=243 ... Success
63:614  0:002  Inserting SSDT-GPRW.aml from EFI\CLOVER\ACPI\patched: size=87 ... Success
63:616  0:002  Inserting SSDT-EH02.aml from EFI\CLOVER\ACPI\patched: size=281 ... Success
63:618  0:002  Inserting SSDT-EH01.aml from EFI\CLOVER\ACPI\patched: size=281 ... Success
63:620  0:002  Inserting SSDT-BAT0.aml from EFI\CLOVER\ACPI\patched: size=747 ... Success
63:622  0:002  CPUBase=0 and ApicCPUBase=1 ApicCPUNum=1
63:622  0:000  Maximum control=0x10
63:622  0:000  Turbo control=0x1A
63:622  0:000  P-States: min 0x4, max 0x1A
63:622  0:000  SSDT with plugin-type without P-States is generated
63:622  0:000  Cleanup XSDT: count=39, length=348
63:622  0:000  corrected XSDT count=37, length=332
63:622  0:000  === [ RestSetup macOS ] ===================================
63:622  0:000  --- Custom EDID Table size:128
63:622  0:000  000  |  00  FF  FF  FF  FF  FF  FF  00  06  10
63:622  0:000  010  |  7C  9C  00  00  00  00  0A  16  01  04
63:622  0:000  020  |  A0  1A  0E  FF  2F  00  00  A0  57  49
63:622  0:000  030  |  9B  26  10  48  4F  00  00  00  01  01
63:622  0:000  040  |  01  01  01  01  01  01  01  01  01  01
63:622  0:000  050  |  01  01  01  01  3D  37  80  BC  70  38
63:622  0:000  060  |  26  40  3A  2A  8E  00  00  90  10  00
63:622  0:000  070  |  00  18  00  00  00  FC  00  4C  46  50
63:622  0:000  080  |  5F  50  61  6E  65  6C  4E  61  6D  65
63:622  0:000  090  |  00  00  00  FD  00  3C  3D  43  44  0F
63:622  0:000  100  |  01  00  00  00  00  00  00  00  00  00
63:622  0:000  110  |  00  10  00  00  00  00  00  00  00  00
63:622  0:000  120  |  00  00  00  00  00  00  00  D2
63:623  0:000  Intel HD Graphics 615 [8086:591E] :: PciRoot(0x0)\Pci(0x2,0x0)
63:623  0:000    Found Full HD Display - 16:9 :: Width=1920 Height=1080
63:623  0:000    AAPL00,override-no-connect: added
63:623  0:000    Beginning DualLink auto-detection
63:623  0:000    High Resolution Display
63:623  0:000    AAPL00,DualLink = 1
63:623  0:000    FakeID Intel GFX = 0x59168086
63:623  0:000    ig-platform-id = 0x59230000
63:623  0:000  Intel GFX revision  = 0x2
63:623  0:000   RCBA disabled; cannot use it
63:623  0:000  stringlength = 2120
63:623  0:000  CurrentMode: Width=1920 Height=1080
63:623  0:000  Beginning FSInjection
FSInjectionInstall ...
- Our FSI_SIMPLE_FILE_SYSTEM_PROTOCOL installed on handle: 36110E58
FSInjectionInstall ...
- Our FSI_SIMPLE_FILE_SYSTEM_PROTOCOL installed on handle: 36110E58
63:634  0:010  Use origin smbios table type 1 guid.
63:647  0:013  Preparing kexts injection for arch=x86_64 from EFI\CLOVER\kexts\Other
63:647  0:000  Extra kext: EFI\CLOVER\kexts\Other\WhateverGreen.kext (v.1.2.3)
63:655  0:007  Extra kext: EFI\CLOVER\kexts\Other\USBInjectAll.kext (v.0.6.7)
63:692  0:037  Extra kext: EFI\CLOVER\kexts\Other\VoodooPS2Controller.kext (v.1.9.0)
63:699  0:006    |-- PlugIn kext: EFI\CLOVER\kexts\Other\VoodooPS2Controller.kext\Contents\PlugIns\VoodooPS2Trackpad.kext (v.1.9.0)
63:706  0:007    |-- PlugIn kext: EFI\CLOVER\kexts\Other\VoodooPS2Controller.kext\Contents\PlugIns\VoodooPS2Mouse.kext (v.1.9.0)
63:711  0:005    |-- PlugIn kext: EFI\CLOVER\kexts\Other\VoodooPS2Controller.kext\Contents\PlugIns\VoodooPS2Keyboard.kext (v.1.9.0)
63:719  0:007  Extra kext: EFI\CLOVER\kexts\Other\SATA-100-series-unsupported.kext (v.0.5.1)
63:722  0:002  Extra kext: EFI\CLOVER\kexts\Other\FakeSMC.kext (v.1800)
63:730  0:008  Extra kext: EFI\CLOVER\kexts\Other\Lilu.kext (v.1.2.7)
63:738  0:007  SetStartupDiskVolume:
63:738  0:000    * Volume: 'macOs'
63:738  0:000    * LoaderPath: '<null string>'
63:738  0:000    * DevPath: macOs
63:738  0:000    * GUID = 1EDF2D76-20C5-4AEA-8CD7-2133ED4F8ED7
63:739  0:000    * efi-boot-device: <array><dict><key>IOMatch</key><dict><key>IOProviderClass</key><string>IOMedia</string><key>IOPropertyMatch</key><dict><key>UUID</key><string>1EDF2D76-20C5-4AEA-8CD7-2133ED4F8ED7</string></dict></dict></dict></array>
63:739  0:000  Custom boot screen not used because entry has unset use graphics
63:740  0:001  Closing log
